<?xml version="1.0" encoding="UTF-8"?>
<!-- Generated by org.testng.reporters.JUnitReportReporter -->
<testsuite hostname="LAPTOP-HAE9HTFI" name="IMDBappium" tests="2" failures="0" timestamp="14 Jul 2019 11:49:37 GMT" time="50.818" errors="0">
  <testcase name="f" time="1.124" classname="IMDBappium"/>
  <testcase name="f" time="49.694" classname="IMDBappium"/>
</testsuite> <!-- IMDBappium -->
